0 info it worked if it ends with ok
1 verbose cli [ '/Users/alex/.nvm/versions/node/v6.9.3/bin/node',
1 verbose cli   '/Users/alex/.nvm/versions/node/v6.9.3/bin/npm',
1 verbose cli   'run',
1 verbose cli   'commit' ]
2 info using npm@3.10.10
3 info using node@v6.9.3
4 verbose run-script [ 'precommit', 'commit', 'postcommit' ]
5 info lifecycle starwars-names-mabelanger@0.0.0-sementically-released~precommit: starwars-names-mabelanger@0.0.0-sementically-released
6 silly lifecycle starwars-names-mabelanger@0.0.0-sementically-released~precommit: no script for precommit, continuing
7 info lifecycle starwars-names-mabelanger@0.0.0-sementically-released~commit: starwars-names-mabelanger@0.0.0-sementically-released
8 verbose lifecycle starwars-names-mabelanger@0.0.0-sementically-released~commit: unsafe-perm in lifecycle true
9 verbose lifecycle starwars-names-mabelanger@0.0.0-sementically-released~commit: PATH: /Users/alex/.nvm/versions/node/v6.9.3/lib/node_modules/npm/bin/node-gyp-bin:/Volumes/data/my_data/dev/jsconcept/micro-library/starwars-names/node_modules/.bin:/Users/alex/.nvm/versions/node/v6.9.3/bin:/usr/local/bin:/usr/bin:/bin:/usr/sbin:/sbin
10 verbose lifecycle starwars-names-mabelanger@0.0.0-sementically-released~commit: CWD: /Volumes/data/my_data/dev/jsconcept/micro-library/starwars-names
11 silly lifecycle starwars-names-mabelanger@0.0.0-sementically-released~commit: Args: [ '-c', 'git-cz' ]
12 silly lifecycle starwars-names-mabelanger@0.0.0-sementically-released~commit: Returned: code: 1  signal: null
13 info lifecycle starwars-names-mabelanger@0.0.0-sementically-released~commit: Failed to exec commit script
14 verbose stack Error: starwars-names-mabelanger@0.0.0-sementically-released commit: `git-cz`
14 verbose stack Exit status 1
14 verbose stack     at EventEmitter.<anonymous> (/Users/alex/.nvm/versions/node/v6.9.3/lib/node_modules/npm/lib/utils/lifecycle.js:255:16)
14 verbose stack     at emitTwo (events.js:106:13)
14 verbose stack     at EventEmitter.emit (events.js:191:7)
14 verbose stack     at ChildProcess.<anonymous> (/Users/alex/.nvm/versions/node/v6.9.3/lib/node_modules/npm/lib/utils/spawn.js:40:14)
14 verbose stack     at emitTwo (events.js:106:13)
14 verbose stack     at ChildProcess.emit (events.js:191:7)
14 verbose stack     at maybeClose (internal/child_process.js:877:16)
14 verbose stack     at Process.ChildProcess._handle.onexit (internal/child_process.js:226:5)
15 verbose pkgid starwars-names-mabelanger@0.0.0-sementically-released
16 verbose cwd /Volumes/data/my_data/dev/jsconcept/micro-library/starwars-names
17 error Darwin 14.5.0
18 error argv "/Users/alex/.nvm/versions/node/v6.9.3/bin/node" "/Users/alex/.nvm/versions/node/v6.9.3/bin/npm" "run" "commit"
19 error node v6.9.3
20 error npm  v3.10.10
21 error code ELIFECYCLE
22 error starwars-names-mabelanger@0.0.0-sementically-released commit: `git-cz`
22 error Exit status 1
23 error Failed at the starwars-names-mabelanger@0.0.0-sementically-released commit script 'git-cz'.
23 error Make sure you have the latest version of node.js and npm installed.
23 error If you do, this is most likely a problem with the starwars-names-mabelanger package,
23 error not with npm itself.
23 error Tell the author that this fails on your system:
23 error     git-cz
23 error You can get information on how to open an issue for this project with:
23 error     npm bugs starwars-names-mabelanger
23 error Or if that isn't available, you can get their info via:
23 error     npm owner ls starwars-names-mabelanger
23 error There is likely additional logging output above.
24 verbose exit [ 1, true ]
